{
  "RSpec": {
    "coverage": {
      "/Users/emilyjones/Documents/chitter-challenge-apprenticeships/app.rb": {
        "lines": [
          1,
          1,
          1,
          1,
          1,
          1,
          1,
          null,
          1,
          1,
          0,
          null,
          null,
          1,
          1,
          null,
          null,
          1,
          0,
          null,
          null,
          1,
          3,
          3,
          null,
          null,
          1,
          1,
          null,
          null,
          1,
          1,
          1,
          null,
          null,
          1,
          1,
          1,
          1,
          null,
          null,
          1,
          null
        ]
      },
      "/Users/emilyjones/Documents/chitter-challenge-apprenticeships/lib/peep.rb": {
        "lines": [
          1,
          1,
          null,
          1,
          null,
          1,
          4,
          4,
          9,
          null,
          null,
          null,
          null,
          null,
          null,
          null,
          1,
          13,
          13,
          null,
          null,
          null,
          null,
          null,
          1,
          2,
          2,
          null,
          2,
          null,
          null,
          null,
          null,
          null,
          null,
          null,
          1,
          null,
          1,
          24,
          24,
          24,
          null,
          null,
          null
        ]
      },
      "/Users/emilyjones/Documents/chitter-challenge-apprenticeships/lib/database_connection.rb": {
        "lines": [
          1,
          null,
          1,
          null,
          1,
          4,
          null,
          null,
          1,
          1,
          null,
          null,
          1,
          21,
          null,
          null,
          null
        ]
      },
      "/Users/emilyjones/Documents/chitter-challenge-apprenticeships/database_connection_setup.rb": {
        "lines": [
          1,
          null,
          1,
          1,
          null,
          0,
          null
        ]
      },
      "/Users/emilyjones/Documents/chitter-challenge-apprenticeships/spec/database_connection_spec.rb": {
        "lines": [
          1,
          null,
          1,
          1,
          1,
          1,
          null,
          1,
          null,
          null,
          1,
          null,
          1,
          null,
          1,
          null,
          null,
          null,
          1,
          1,
          1,
          null,
          1,
          null,
          1,
          null,
          null,
          null
        ]
      },
      "/Users/emilyjones/Documents/chitter-challenge-apprenticeships/spec/features/date_spec.rb": {
        "lines": [
          1,
          1,
          null,
          1,
          1,
          1,
          null,
          1,
          null,
          1,
          1,
          1,
          null,
          null
        ]
      },
      "/Users/emilyjones/Documents/chitter-challenge-apprenticeships/spec/features/post_new_peep_spec.rb": {
        "lines": [
          1,
          1,
          1,
          1,
          1,
          null,
          1,
          null,
          null
        ]
      },
      "/Users/emilyjones/Documents/chitter-challenge-apprenticeships/spec/features/search_spec.rb": {
        "lines": [
          1,
          null,
          null,
          1,
          null,
          1,
          1,
          null,
          1,
          null,
          1,
          1,
          null,
          1,
          1,
          null,
          1,
          null,
          null
        ]
      },
      "/Users/emilyjones/Documents/chitter-challenge-apprenticeships/spec/features/test_page_spec.rb": {
        "lines": [
          1,
          1,
          1,
          1,
          null,
          null
        ]
      },
      "/Users/emilyjones/Documents/chitter-challenge-apprenticeships/spec/peep_spec.rb": {
        "lines": [
          1,
          1,
          1,
          null,
          1,
          null,
          1,
          1,
          1,
          1,
          1,
          null,
          1,
          null,
          1,
          1,
          1,
          1,
          null,
          null,
          null,
          1,
          1,
          1,
          1,
          null,
          1,
          1,
          1,
          null,
          null,
          null,
          1,
          1,
          1,
          1,
          1,
          null,
          1,
          1,
          null,
          null,
          null
        ]
      },
      "/Users/emilyjones/Documents/chitter-challenge-apprenticeships/spec/database_helper.rb": {
        "lines": [
          1,
          null,
          1,
          1,
          null
        ]
      }
    },
    "timestamp": 1621607207
  }
}
